<?xml version="1.0" encoding="UTF-8"?>
<!-- Generated by org.testng.reporters.JUnitXMLReporter -->
<testsuite hostname="WIN-GEDESCREUP8" ignored="0" name="Test" tests="1" failures="1" timestamp="24 Apr 2018 16:44:31 GMT" time="6.194" errors="0">
  <testcase name="@AfterTest teardown" time="0.0" classname="test_package.jenkins_github_integretion">
    <failure type="java.lang.NullPointerException">
      <![CDATA[java.lang.NullPointerException
at test_package.jenkins_github_integretion.teardown(jenkins_github_integretion.java:36)
... Removed 24 stack frames]]>
    </failure>
  </testcase> <!-- @AfterTest teardown -->
  <testcase name="test" time="0.01" classname="test_package.jenkins_github_integretion">
    <failure type="java.lang.NullPointerException">
      <![CDATA[java.lang.NullPointerException
at test_package.jenkins_github_integretion.test(jenkins_github_integretion.java:29)
... Removed 25 stack frames]]>
    </failure>
  </testcase> <!-- test -->
</testsuite> <!-- Test -->
