<?xml version="1.0" encoding="UTF-8"?>
<testng-results skipped="0" failed="0" ignored="0" total="1" passed="1">
  <reporter-output>
  </reporter-output>
  <suite name="Default suite" duration-ms="10162" started-at="2018-04-24T17:48:18Z" finished-at="2018-04-24T17:48:29Z">
    <groups>
    </groups>
    <test name="Default test" duration-ms="10162" started-at="2018-04-24T17:48:18Z" finished-at="2018-04-24T17:48:29Z">
      <class name="test_package.jenkins_github_integretion">
        <test-method status="PASS" signature="setUp()[pri:0, instance:test_package.jenkins_github_integretion@724af044]" name="setUp" is-config="true" duration-ms="7245" started-at="2018-04-24T17:48:18Z" finished-at="2018-04-24T17:48:26Z">
          <reporter-output>
          </reporter-output>
        </test-method> <!-- setUp -->
        <test-method status="PASS" signature="mest()[pri:0, instance:test_package.jenkins_github_integretion@724af044]" name="mest" duration-ms="2158" started-at="2018-04-24T17:48:26Z" finished-at="2018-04-24T17:48:28Z">
          <reporter-output>
          </reporter-output>
        </test-method> <!-- mest -->
        <test-method status="PASS" signature="teardown()[pri:0, instance:test_package.jenkins_github_integretion@724af044]" name="teardown" is-config="true" duration-ms="733" started-at="2018-04-24T17:48:28Z" finished-at="2018-04-24T17:48:29Z">
          <reporter-output>
          </reporter-output>
        </test-method> <!-- teardown -->
      </class> <!-- test_package.jenkins_github_integretion -->
    </test> <!-- Default test -->
  </suite> <!-- Default suite -->
</testng-results>
