<?xml version="1.0" encoding="UTF-8"?>
<testng-results skipped="0" failed="0" ignored="0" total="1" passed="1">
  <reporter-output>
  </reporter-output>
  <suite name="Suite" duration-ms="34751" started-at="2018-04-24T18:33:55Z" finished-at="2018-04-24T18:34:30Z">
    <groups>
    </groups>
    <test name="Test" duration-ms="34751" started-at="2018-04-24T18:33:55Z" finished-at="2018-04-24T18:34:30Z">
      <class name="test_package.jenkins_github_integretion">
        <test-method status="PASS" signature="setUp()[pri:0, instance:test_package.jenkins_github_integretion@6b4a4e18]" name="setUp" is-config="true" duration-ms="28565" started-at="2018-04-24T18:33:55Z" finished-at="2018-04-24T18:34:23Z">
          <reporter-output>
          </reporter-output>
        </test-method> <!-- setUp -->
        <test-method status="PASS" signature="mest()[pri:0, instance:test_package.jenkins_github_integretion@6b4a4e18]" name="mest" duration-ms="5099" started-at="2018-04-24T18:34:24Z" finished-at="2018-04-24T18:34:29Z">
          <reporter-output>
          </reporter-output>
        </test-method> <!-- mest -->
        <test-method status="PASS" signature="teardown()[pri:0, instance:test_package.jenkins_github_integretion@6b4a4e18]" name="teardown" is-config="true" duration-ms="858" started-at="2018-04-24T18:34:29Z" finished-at="2018-04-24T18:34:30Z">
          <reporter-output>
          </reporter-output>
        </test-method> <!-- teardown -->
      </class> <!-- test_package.jenkins_github_integretion -->
    </test> <!-- Test -->
  </suite> <!-- Suite -->
</testng-results>
